<?xml version="1.0" encoding="UTF-8"?>
<testng-results ignored="0" total="1" passed="1" failed="0" skipped="0">
  <reporter-output>
  </reporter-output>
  <suite started-at="2023-04-21T08:49:33 IST" name="Default suite" finished-at="2023-04-21T08:49:54 IST" duration-ms="20647">
    <groups>
      <group name="cucumber">
        <method signature="AbstractTestNGCucumberTests.runScenario(cucumber.api.testng.PickleEventWrapper, cucumber.api.testng.CucumberFeatureWrapper)[pri:0, instance:test.TC_002@795cd85e]" name="runScenario" class="cucumber.api.testng.AbstractTestNGCucumberTests"/>
      </group> <!-- cucumber -->
    </groups>
    <test started-at="2023-04-21T08:49:33 IST" name="Default test" finished-at="2023-04-21T08:49:54 IST" duration-ms="20647">
      <class name="test.TC_002">
        <test-method is-config="true" signature="setUpClass()[pri:0, instance:test.TC_002@795cd85e]" started-at="2023-04-21T08:49:33 IST" name="setUpClass" finished-at="2023-04-21T08:49:33 IST" duration-ms="127" status="PASS">
          <reporter-output>
          </reporter-output>
        </test-method> <!-- setUpClass -->
        <test-method signature="runScenario(cucumber.api.testng.PickleEventWrapper, cucumber.api.testng.CucumberFeatureWrapper)[pri:0, instance:test.TC_002@795cd85e]" started-at="2023-04-21T08:49:33 IST" name="runScenario" description="Runs Cucumber Scenarios" data-provider="scenarios" finished-at="2023-04-21T08:49:54 IST" duration-ms="20448" status="PASS">
          <params>
            <param index="0">
              <value>
                <![CDATA["Sucessful Login With Valid Credentails"]]>
              </value>
            </param>
            <param index="1">
              <value>
                <![CDATA["Login"]]>
              </value>
            </param>
          </params>
          <reporter-output>
          </reporter-output>
        </test-method> <!-- runScenario -->
        <test-method is-config="true" signature="tearDownClass()[pri:0, instance:test.TC_002@795cd85e]" started-at="2023-04-21T08:49:54 IST" name="tearDownClass" finished-at="2023-04-21T08:49:54 IST" duration-ms="8" status="PASS">
          <reporter-output>
          </reporter-output>
        </test-method> <!-- tearDownClass -->
      </class> <!-- test.TC_002 -->
    </test> <!-- Default test -->
  </suite> <!-- Default suite -->
</testng-results>
